<?xml version="1.0" encoding="UTF-8"?>
<!-- Generated by org.testng.reporters.JUnitReportReporter -->
<testsuite hostname="Libi" failures="0" tests="1" name="com.workday.product.tests.FinancialManagemnt_ConsolidateAndClose" time="21.481" errors="0" timestamp="2020-09-25T10:37:32 EDT" skipped="0">
  <testcase classname="com.workday.product.tests.FinancialManagemnt_ConsolidateAndClose" name="closeAndCosolidateTest" time="21.481"/>
</testsuite> <!-- com.workday.product.tests.FinancialManagemnt_ConsolidateAndClose -->
