<?xml version="1.0" encoding="UTF-8"?>
<!-- Generated by org.testng.reporters.JUnitReportReporter -->
<testsuite hostname="Libi" failures="0" tests="1" name="com.workday.product.tests.FinancialManagemnt_AuditAndControls" time="121.619" errors="0" timestamp="2020-09-24T14:43:18 EDT" skipped="0">
  <testcase classname="com.workday.product.tests.FinancialManagemnt_AuditAndControls" name="auditTest" time="121.619"/>
</testsuite> <!-- com.workday.product.tests.FinancialManagemnt_AuditAndControls -->
