<?xml version="1.0" encoding="UTF-8"?>
<!-- Generated by org.testng.reporters.JUnitReportReporter -->
<testsuite hostname="Libi" failures="0" tests="1" name="com.workday.product.tests.FinancialManagemnt_AuditAndControls" time="67.709" errors="0" timestamp="2020-09-25T09:55:13 EDT" skipped="0">
  <testcase classname="com.workday.product.tests.FinancialManagemnt_AuditAndControls" name="auditTest" time="67.709"/>
</testsuite> <!-- com.workday.product.tests.FinancialManagemnt_AuditAndControls -->
