<?xml version="1.0" encoding="UTF-8"?>
<!-- Generated by org.testng.reporters.JUnitReportReporter -->
<testsuite hostname="Libi" failures="0" tests="1" name="com.workday.product.tests.FinancialManagemnt_AccountingFinance" time="79.107" errors="0" timestamp="2020-09-24T14:43:17 EDT" skipped="0">
  <testcase classname="com.workday.product.tests.FinancialManagemnt_AccountingFinance" name="fmTest" time="79.107"/>
</testsuite> <!-- com.workday.product.tests.FinancialManagemnt_AccountingFinance -->
