<?xml version="1.0" encoding="UTF-8"?>
<!-- Generated by org.testng.reporters.JUnitReportReporter -->
<testsuite skipped="0" hostname="DESKTOP-INQUNRP" name="com.workday.product.util.TestingFrameWork" tests="1" failures="0" timestamp="2020-11-16T13:24:16 EST" time="21.449" errors="0">
  <testcase name="test1" time="21.449" classname="com.workday.product.util.TestingFrameWork"/>
</testsuite> <!-- com.workday.product.util.TestingFrameWork -->
