<?xml version="1.0" encoding="UTF-8"?>
<!-- Generated by org.testng.reporters.JUnitReportReporter -->
<testsuite hostname="Libi" failures="0" tests="1" name="com.workday.product.tests.FinancialManagemnt_ConsolidateAndClose" time="17.315" errors="0" timestamp="2020-09-25T11:05:03 EDT" skipped="0">
  <testcase classname="com.workday.product.tests.FinancialManagemnt_ConsolidateAndClose" name="closeAndCosolidateTest" time="17.315"/>
</testsuite> <!-- com.workday.product.tests.FinancialManagemnt_ConsolidateAndClose -->
